2025-10-05 12:20:50,736 - __main__ - INFO - Contact bericht ontvangen van: georgtromp@gmail.com
2025-10-05 12:20:53,108 - services.email_service - ERROR - Fout bij verzenden email: (535, b'5.7.8 Username and Password not accepted. For more information, go to\n5.7.8  https://support.google.com/mail/?p=BadCredentials a640c23a62f3a-b48652aa040sm875428566b.20 - gsmtp')
2025-10-05 12:20:53,108 - __main__ - ERROR - Fout bij verzenden contact email voor: georgtromp@gmail.com
2025-10-05 12:20:53,108 - __main__ - ERROR - Fout bij verwerken contact bericht: 500: Fout bij verzenden email
2025-10-05 12:20:54,424 - __main__ - INFO - Contact bericht ontvangen van: georgtromp@gmail.com
2025-10-05 12:20:54,629 - services.email_service - ERROR - Fout bij verzenden email: (535, b'5.7.8 Username and Password not accepted. For more information, go to\n5.7.8  https://support.google.com/mail/?p=BadCredentials a640c23a62f3a-b486970b23csm885126966b.61 - gsmtp')
2025-10-05 12:20:54,630 - __main__ - ERROR - Fout bij verzenden contact email voor: georgtromp@gmail.com
2025-10-05 12:20:54,630 - __main__ - ERROR - Fout bij verwerken contact bericht: 500: Fout bij verzenden email
2025-10-05 12:21:35,987 - __main__ - INFO - Contact bericht ontvangen van: test@example.com
2025-10-05 12:21:36,187 - services.email_service - ERROR - Fout bij verzenden email: (535, b'5.7.8 Username and Password not accepted. For more information, go to\n5.7.8  https://support.google.com/mail/?p=BadCredentials a640c23a62f3a-b4865a83770sm883923566b.25 - gsmtp')
2025-10-05 12:21:36,188 - __main__ - ERROR - Fout bij verzenden contact email voor: test@example.com
2025-10-05 12:21:36,188 - __main__ - ERROR - Fout bij verwerken contact bericht: 500: Fout bij verzenden email
2025-10-05 12:22:04,725 - __main__ - INFO - Contact bericht ontvangen van: test@example.com
2025-10-05 12:22:04,937 - services.email_service - ERROR - Fout bij verzenden email: (535, b'5.7.8 Username and Password not accepted. For more information, go to\n5.7.8  https://support.google.com/mail/?p=BadCredentials 4fb4d7f45d1cf-63788110224sm7737325a12.39 - gsmtp')
2025-10-05 12:22:04,937 - __main__ - ERROR - Fout bij verzenden contact email voor: test@example.com
2025-10-05 12:22:04,937 - __main__ - ERROR - Fout bij verwerken contact bericht: 500: Fout bij verzenden email
2025-10-05 12:22:18,557 - __main__ - INFO - Contact bericht ontvangen van: test@example.com
2025-10-05 12:22:18,761 - services.email_service - ERROR - Fout bij verzenden email: (535, b'5.7.8 Username and Password not accepted. For more information, go to\n5.7.8  https://support.google.com/mail/?p=BadCredentials a640c23a62f3a-b48652a9bf1sm881926866b.13 - gsmtp')
2025-10-05 12:22:18,762 - __main__ - ERROR - Fout bij verzenden contact email voor: test@example.com
2025-10-05 12:22:18,762 - __main__ - ERROR - Fout bij verwerken contact bericht: 500: Fout bij verzenden email
2025-10-05 12:22:32,744 - __main__ - INFO - Contact bericht ontvangen van: test@example.com
2025-10-05 12:22:32,946 - services.email_service - ERROR - Fout bij verzenden email: (535, b'5.7.8 Username and Password not accepted. For more information, go to\n5.7.8  https://support.google.com/mail/?p=BadCredentials a640c23a62f3a-b4869c4c1f6sm898456366b.78 - gsmtp')
2025-10-05 12:22:32,946 - __main__ - ERROR - Fout bij verzenden contact email voor: test@example.com
2025-10-05 12:22:32,946 - __main__ - ERROR - Fout bij verwerken contact bericht: 500: Fout bij verzenden email
2025-10-05 12:22:50,881 - __main__ - INFO - Contact bericht ontvangen van: test@example.com
2025-10-05 12:22:51,624 - services.email_service - INFO - Email succesvol verzonden naar info@corpivat.nl
2025-10-05 12:22:51,624 - __main__ - INFO - Contact email succesvol verzonden voor: test@example.com
2025-10-05 12:24:26,765 - __main__ - INFO - Contact bericht ontvangen van: georgtromp@gmail.com
2025-10-05 12:24:27,465 - services.email_service - INFO - Email succesvol verzonden naar info@corpivat.nl
2025-10-05 12:24:27,466 - __main__ - INFO - Contact email succesvol verzonden voor: georgtromp@gmail.com
2025-10-05 12:25:51,978 - __main__ - INFO - Contact bericht ontvangen van: test@corpivat.nl
2025-10-05 12:25:52,787 - services.email_service - INFO - Email succesvol verzonden naar info@corpivat.nl
2025-10-05 12:25:52,787 - __main__ - INFO - Contact email succesvol verzonden voor: test@corpivat.nl
2025-10-05 12:26:35,470 - __main__ - INFO - Wachtlijst aanmelding ontvangen van: georgtromp@gmail.com
2025-10-05 12:26:36,193 - services.email_service - INFO - Email succesvol verzonden naar info@corpivat.nl
2025-10-05 12:26:36,194 - __main__ - INFO - Wachtlijst email succesvol verzonden voor: georgtromp@gmail.com
2025-10-05 12:27:26,371 - __main__ - INFO - Contact bericht ontvangen van: j.devries@huisartsenpraktijk.nl
2025-10-05 12:27:27,015 - services.email_service - INFO - Email succesvol verzonden naar info@corpivat.nl
2025-10-05 12:27:27,016 - __main__ - INFO - Contact email succesvol verzonden voor: j.devries@huisartsenpraktijk.nl
2025-10-05 12:27:48,610 - __main__ - INFO - Contact bericht ontvangen van: test@example.com
2025-10-05 12:27:49,725 - services.email_service - INFO - Email succesvol verzonden naar info@corpivat.nl
2025-10-05 12:27:49,726 - __main__ - INFO - Contact email succesvol verzonden voor: test@example.com
2025-10-05 12:30:19,446 - __main__ - INFO - Wachtlijst aanmelding ontvangen van: georgtromp@gmail.com
2025-10-05 12:30:20,166 - services.email_service - INFO - Email succesvol verzonden naar info@corpivat.nl
2025-10-05 12:30:20,166 - __main__ - INFO - Wachtlijst email succesvol verzonden voor: georgtromp@gmail.com
2025-10-05 12:33:25,580 - __main__ - INFO - Contact bericht ontvangen van: georgtromp@gmail.com
2025-10-05 12:33:26,368 - services.email_service - INFO - Email succesvol verzonden naar info@corpivat.nl
2025-10-05 12:33:26,368 - __main__ - INFO - Contact email succesvol verzonden voor: georgtromp@gmail.com
2025-10-05 13:19:25,987 - __main__ - INFO - Wachtlijst aanmelding ontvangen van: georgtromp@gmail.com
2025-10-05 13:19:26,626 - services.email_service - INFO - Email succesvol verzonden naar info@corpivat.nl
2025-10-05 13:19:26,627 - __main__ - INFO - Wachtlijst email succesvol verzonden voor: georgtromp@gmail.com
2025-10-05 13:20:20,777 - __main__ - INFO - Contact bericht ontvangen van: georgtromp@gmail.com
2025-10-05 13:20:21,349 - services.email_service - INFO - Email succesvol verzonden naar info@corpivat.nl
2025-10-05 13:20:21,349 - __main__ - INFO - Contact email succesvol verzonden voor: georgtromp@gmail.com
2025-10-05 14:32:11,945 - __main__ - INFO - Wachtlijst aanmelding ontvangen van: georgtromp@gmail.com
2025-10-05 14:32:12,712 - services.email_service - INFO - Email succesvol verzonden naar info@corpivat.nl
2025-10-05 14:32:12,712 - __main__ - INFO - Wachtlijst email succesvol verzonden voor: georgtromp@gmail.com
2025-10-05 14:34:21,157 - __main__ - INFO - Wachtlijst aanmelding ontvangen van: georgtromp@gmail.com
2025-10-05 14:34:21,810 - services.email_service - INFO - Email succesvol verzonden naar info@corpivat.nl
2025-10-05 14:34:21,810 - __main__ - INFO - Wachtlijst email succesvol verzonden voor: georgtromp@gmail.com
2025-10-05 14:37:24,047 - __main__ - INFO - Contact bericht ontvangen van: test@example.com
2025-10-05 14:37:24,904 - services.email_service - INFO - Email succesvol verzonden naar info@corpivat.nl
2025-10-05 14:37:24,904 - __main__ - INFO - Contact email succesvol verzonden voor: test@example.com
2025-10-05 14:37:24,922 - __main__ - INFO - Wachtlijst aanmelding ontvangen van: test@huisartsenpraktijk.nl
2025-10-05 14:37:25,466 - services.email_service - INFO - Email succesvol verzonden naar info@corpivat.nl
2025-10-05 14:37:25,467 - __main__ - INFO - Wachtlijst email succesvol verzonden voor: test@huisartsenpraktijk.nl
2025-10-05 14:38:23,169 - __main__ - INFO - Contact bericht ontvangen van: test@example.com
2025-10-05 14:38:23,767 - services.email_service - INFO - Email succesvol verzonden naar info@corpivat.nl
2025-10-05 14:38:23,771 - __main__ - INFO - Contact email succesvol verzonden voor: test@example.com
2025-10-05 14:38:23,787 - __main__ - INFO - Wachtlijst aanmelding ontvangen van: test@huisartsenpraktijk.nl
2025-10-05 14:38:24,335 - services.email_service - INFO - Email succesvol verzonden naar info@corpivat.nl
2025-10-05 14:38:24,335 - __main__ - INFO - Wachtlijst email succesvol verzonden voor: test@huisartsenpraktijk.nl
2025-10-05 14:39:27,429 - __main__ - INFO - Contact bericht ontvangen van: test@example.com
2025-10-05 14:39:28,006 - services.email_service - INFO - Email succesvol verzonden naar info@corpivat.nl
2025-10-05 14:39:28,006 - __main__ - INFO - Contact email succesvol verzonden voor: test@example.com
2025-10-05 14:39:50,817 - __main__ - INFO - Contact bericht ontvangen van: test@example.com
2025-10-05 14:39:51,459 - services.email_service - INFO - Email succesvol verzonden naar info@corpivat.nl
2025-10-05 14:39:51,459 - __main__ - INFO - Contact email succesvol verzonden voor: test@example.com
2025-10-05 14:40:06,573 - __main__ - INFO - Contact bericht ontvangen van: test@example.com
2025-10-05 14:40:07,355 - services.email_service - INFO - Email succesvol verzonden naar info@corpivat.nl
2025-10-05 14:40:07,356 - __main__ - INFO - Contact email succesvol verzonden voor: test@example.com
2025-10-05 14:40:16,457 - __main__ - INFO - Contact bericht ontvangen van: test@example.com
2025-10-05 14:40:17,067 - services.email_service - INFO - Email succesvol verzonden naar info@corpivat.nl
2025-10-05 14:40:17,068 - __main__ - INFO - Contact email succesvol verzonden voor: test@example.com
2025-10-05 14:41:21,379 - __main__ - INFO - Contact bericht ontvangen van: test@example.com
2025-10-05 14:41:22,090 - services.email_service - INFO - Email succesvol verzonden naar info@corpivat.nl
2025-10-05 14:41:22,090 - __main__ - INFO - Contact email succesvol verzonden voor: test@example.com
2025-10-05 14:41:27,414 - __main__ - INFO - Wachtlijst aanmelding ontvangen van: test@huisartsenpraktijk.nl
2025-10-05 14:41:27,998 - services.email_service - INFO - Email succesvol verzonden naar info@corpivat.nl
2025-10-05 14:41:27,998 - __main__ - INFO - Wachtlijst email succesvol verzonden voor: test@huisartsenpraktijk.nl
2025-10-05 14:42:39,712 - __main__ - INFO - Contact bericht ontvangen van: test@example.com
2025-10-05 14:42:40,246 - services.email_service - ERROR - Fout bij verzenden email: (535, b'5.7.8 Username and Password not accepted. For more information, go to\n5.7.8  https://support.google.com/mail/?p=BadCredentials a640c23a62f3a-b4c855585d1sm190398766b.67 - gsmtp')
2025-10-05 14:42:40,246 - services.email_service - INFO - EMAIL FALLBACK - Content logged:
2025-10-05 14:42:40,247 - services.email_service - INFO - To: info@coprivat.nl
2025-10-05 14:42:40,247 - services.email_service - INFO - Subject: CoPrivat Contact Bericht - Test Bericht
2025-10-05 14:42:40,247 - services.email_service - INFO - Content: 
            Nieuw Contact Bericht - CoPrivat
            
            Contactgegevens:
            Naam: Test Gebruiker
            Email: test@example.com
            Telefoon: 06-12345678
            Onderwerp: Test Bericht
            
            Bericht:
            Dit is een test bericht voor het contact formulier.
            
            Actie vereist: Beantwoord dit bericht zo snel mogelijk.
            
            Bericht ontvangen op: 05-10-2025 om 14:42
            
2025-10-05 14:42:40,247 - __main__ - INFO - Contact email succesvol verzonden voor: test@example.com
2025-10-05 14:42:57,473 - __main__ - INFO - Wachtlijst aanmelding ontvangen van: test@huisartsenpraktijk.nl
2025-10-05 14:42:57,973 - services.email_service - ERROR - Fout bij verzenden email: (535, b'5.7.8 Username and Password not accepted. For more information, go to\n5.7.8  https://support.google.com/mail/?p=BadCredentials 4fb4d7f45d1cf-6376b3aaf87sm7905740a12.4 - gsmtp')
2025-10-05 14:42:57,973 - services.email_service - INFO - EMAIL FALLBACK - Content logged:
2025-10-05 14:42:57,973 - services.email_service - INFO - To: info@coprivat.nl
2025-10-05 14:42:57,973 - services.email_service - INFO - Subject: CoPrivat Wachtlijst Aanmelding - Dr. Test Arts
2025-10-05 14:42:57,973 - services.email_service - INFO - Content: 
            Nieuwe Wachtlijst Aanmelding - CoPrivat
            
            Contactgegevens:
            Naam: Dr. Test Arts
            Email: test@huisartsenpraktijk.nl
            Telefoon: 06-98765432
            Praktijk: Test Huisartsenpraktijk
            
            Actie vereist: Neem contact op met deze persoon zodra de pilot start.
            
            Aanmelding ontvangen op: 05-10-2025 om 14:42
            
2025-10-05 14:42:57,973 - __main__ - INFO - Wachtlijst email succesvol verzonden voor: test@huisartsenpraktijk.nl
2025-10-05 14:43:49,601 - __main__ - INFO - Contact bericht ontvangen van: christiaantromp@gmail.com
2025-10-05 14:43:50,101 - services.email_service - ERROR - Fout bij verzenden email: (535, b'5.7.8 Username and Password not accepted. For more information, go to\n5.7.8  https://support.google.com/mail/?p=BadCredentials a640c23a62f3a-b486970b23csm907662366b.61 - gsmtp')
2025-10-05 14:43:50,101 - services.email_service - INFO - EMAIL FALLBACK - Content logged:
2025-10-05 14:43:50,101 - services.email_service - INFO - To: info@coprivat.nl
2025-10-05 14:43:50,101 - services.email_service - INFO - Subject: CoPrivat Contact Bericht - Test Contact Formulier
2025-10-05 14:43:50,101 - services.email_service - INFO - Content: 
            Nieuw Contact Bericht - CoPrivat
            
            Contactgegevens:
            Naam: Christiaan Tromp
            Email: christiaantromp@gmail.com
            Telefoon: 06-24965270
            Onderwerp: Test Contact Formulier
            
            Bericht:
            Dit is een test van het contact formulier om te controleren of de email correct wordt verzonden naar info@coprivat.nl
            
            Actie vereist: Beantwoord dit bericht zo snel mogelijk.
            
            Bericht ontvangen op: 05-10-2025 om 14:43
            
2025-10-05 14:43:50,101 - __main__ - INFO - Contact email succesvol verzonden voor: christiaantromp@gmail.com
2025-10-05 14:44:01,840 - __main__ - INFO - Wachtlijst aanmelding ontvangen van: christiaantromp@gmail.com
2025-10-05 14:44:02,338 - services.email_service - ERROR - Fout bij verzenden email: (535, b'5.7.8 Username and Password not accepted. For more information, go to\n5.7.8  https://support.google.com/mail/?p=BadCredentials a640c23a62f3a-b4869b4e27dsm892023166b.70 - gsmtp')
2025-10-05 14:44:02,338 - services.email_service - INFO - EMAIL FALLBACK - Content logged:
2025-10-05 14:44:02,338 - services.email_service - INFO - To: info@coprivat.nl
2025-10-05 14:44:02,338 - services.email_service - INFO - Subject: CoPrivat Wachtlijst Aanmelding - Dr. Christiaan Tromp
2025-10-05 14:44:02,338 - services.email_service - INFO - Content: 
            Nieuwe Wachtlijst Aanmelding - CoPrivat
            
            Contactgegevens:
            Naam: Dr. Christiaan Tromp
            Email: christiaantromp@gmail.com
            Telefoon: 06-24965270
            Praktijk: Test Huisartsenpraktijk
            
            Actie vereist: Neem contact op met deze persoon zodra de pilot start.
            
            Aanmelding ontvangen op: 05-10-2025 om 14:44
            
2025-10-05 14:44:02,338 - __main__ - INFO - Wachtlijst email succesvol verzonden voor: christiaantromp@gmail.com
2025-10-05 14:45:17,471 - __main__ - INFO - Contact bericht ontvangen van: test@example.com
2025-10-05 14:45:17,993 - services.email_service - ERROR - Fout bij verzenden email: (535, b'5.7.8 Username and Password not accepted. For more information, go to\n5.7.8  https://support.google.com/mail/?p=BadCredentials a640c23a62f3a-b4c855585d1sm190885666b.67 - gsmtp')
2025-10-05 14:45:17,993 - services.email_service - INFO - EMAIL FALLBACK - Content logged:
2025-10-05 14:45:17,993 - services.email_service - INFO - To: info@coprivat.nl
2025-10-05 14:45:17,993 - services.email_service - INFO - Subject: CoPrivat Contact Bericht - Test Bericht
2025-10-05 14:45:17,993 - services.email_service - INFO - Content: 
            Nieuw Contact Bericht - CoPrivat
            
            Contactgegevens:
            Naam: Test Gebruiker
            Email: test@example.com
            Telefoon: 06-12345678
            Onderwerp: Test Bericht
            
            Bericht:
            Dit is een test bericht voor het contact formulier.
            
            Actie vereist: Beantwoord dit bericht zo snel mogelijk.
            
            Bericht ontvangen op: 05-10-2025 om 14:45
            
2025-10-05 14:45:17,993 - __main__ - INFO - Contact email succesvol verzonden voor: test@example.com
2025-10-05 14:45:28,921 - __main__ - INFO - Wachtlijst aanmelding ontvangen van: test@huisartsenpraktijk.nl
2025-10-05 14:45:29,405 - services.email_service - ERROR - Fout bij verzenden email: (535, b'5.7.8 Username and Password not accepted. For more information, go to\n5.7.8  https://support.google.com/mail/?p=BadCredentials a640c23a62f3a-b4865a7c660sm899603566b.22 - gsmtp')
2025-10-05 14:45:29,406 - services.email_service - INFO - EMAIL FALLBACK - Content logged:
2025-10-05 14:45:29,406 - services.email_service - INFO - To: info@coprivat.nl
2025-10-05 14:45:29,406 - services.email_service - INFO - Subject: CoPrivat Wachtlijst Aanmelding - Dr. Test Arts
2025-10-05 14:45:29,406 - services.email_service - INFO - Content: 
            Nieuwe Wachtlijst Aanmelding - CoPrivat
            
            Contactgegevens:
            Naam: Dr. Test Arts
            Email: test@huisartsenpraktijk.nl
            Telefoon: 06-98765432
            Praktijk: Test Huisartsenpraktijk
            
            Actie vereist: Neem contact op met deze persoon zodra de pilot start.
            
            Aanmelding ontvangen op: 05-10-2025 om 14:45
            
2025-10-05 14:45:29,406 - __main__ - INFO - Wachtlijst email succesvol verzonden voor: test@huisartsenpraktijk.nl
2025-10-05 14:46:19,188 - __main__ - INFO - Contact bericht ontvangen van: test@example.com
2025-10-05 14:46:19,717 - services.email_service - ERROR - Fout bij verzenden email: (535, b'5.7.8 Username and Password not accepted. For more information, go to\n5.7.8  https://support.google.com/mail/?p=BadCredentials 4fb4d7f45d1cf-6394bec298csm5270558a12.44 - gsmtp')
2025-10-05 14:46:19,717 - services.email_service - INFO - EMAIL FALLBACK - Content logged:
2025-10-05 14:46:19,717 - services.email_service - INFO - To: info@coprivat.nl
2025-10-05 14:46:19,717 - services.email_service - INFO - Subject: CoPrivat Contact Bericht - Test Bericht
2025-10-05 14:46:19,718 - services.email_service - INFO - Content: 
            Nieuw Contact Bericht - CoPrivat
            
            Contactgegevens:
            Naam: Test Gebruiker
            Email: test@example.com
            Telefoon: 06-12345678
            Onderwerp: Test Bericht
            
            Bericht:
            Dit is een test bericht na het oplossen van de foutmelding.
            
            Actie vereist: Beantwoord dit bericht zo snel mogelijk.
            
            Bericht ontvangen op: 05-10-2025 om 14:46
            
2025-10-05 14:46:19,718 - __main__ - INFO - Contact email succesvol verzonden voor: test@example.com
2025-10-05 15:01:45,706 - __main__ - INFO - Wachtlijst aanmelding ontvangen van: test@example.com
2025-10-05 15:01:46,250 - services.email_service - ERROR - Fout bij verzenden email: (535, b'5.7.8 Username and Password not accepted. For more information, go to\n5.7.8  https://support.google.com/mail/?p=BadCredentials 4fb4d7f45d1cf-6397c9355c3sm1804780a12.0 - gsmtp')
2025-10-05 15:01:46,250 - services.email_service - INFO - EMAIL FALLBACK - Content logged:
2025-10-05 15:01:46,250 - services.email_service - INFO - To: info@coprivat.nl
2025-10-05 15:01:46,251 - services.email_service - INFO - Subject: CoPrivat Wachtlijst Aanmelding - Test
2025-10-05 15:01:46,251 - services.email_service - INFO - Content: 
            Nieuwe Wachtlijst Aanmelding - CoPrivat
            
            Contactgegevens:
            Naam: Test
            Email: test@example.com
            
            
            
            Actie vereist: Neem contact op met deze persoon zodra de pilot start.
            
            Aanmelding ontvangen op: 05-10-2025 om 15:01
            
2025-10-05 15:01:46,251 - __main__ - INFO - Wachtlijst email succesvol verzonden voor: test@example.com
2025-10-05 15:05:14,467 - __main__ - INFO - Wachtlijst aanmelding ontvangen van: test@example.com
2025-10-05 15:05:15,004 - services.email_service - ERROR - Fout bij verzenden email: (535, b'5.7.8 Username and Password not accepted. For more information, go to\n5.7.8  https://support.google.com/mail/?p=BadCredentials a640c23a62f3a-b4865a7c660sm903396566b.22 - gsmtp')
2025-10-05 15:05:15,004 - services.email_service - INFO - EMAIL FALLBACK - Content logged:
2025-10-05 15:05:15,004 - services.email_service - INFO - To: info@coprivat.nl
2025-10-05 15:05:15,004 - services.email_service - INFO - Subject: CoPrivat Wachtlijst Aanmelding - Test User
2025-10-05 15:05:15,004 - services.email_service - INFO - Content: 
            Nieuwe Wachtlijst Aanmelding - CoPrivat
            
            Contactgegevens:
            Naam: Test User
            Email: test@example.com
            Telefoon: 0612345678
            Praktijk: Test Praktijk
            
            Actie vereist: Neem contact op met deze persoon zodra de pilot start.
            
            Aanmelding ontvangen op: 05-10-2025 om 15:05
            
2025-10-05 15:05:15,004 - __main__ - INFO - Wachtlijst email succesvol verzonden voor: test@example.com
2025-10-05 15:05:42,386 - __main__ - INFO - Wachtlijst aanmelding ontvangen van: georgtromp@gmail.com
2025-10-05 15:05:42,888 - services.email_service - ERROR - Fout bij verzenden email: (535, b'5.7.8 Username and Password not accepted. For more information, go to\n5.7.8  https://support.google.com/mail/?p=BadCredentials a640c23a62f3a-b48652aa04bsm913472666b.6 - gsmtp')
2025-10-05 15:05:42,889 - services.email_service - INFO - EMAIL FALLBACK - Content logged:
2025-10-05 15:05:42,889 - services.email_service - INFO - To: info@coprivat.nl
2025-10-05 15:05:42,889 - services.email_service - INFO - Subject: CoPrivat Wachtlijst Aanmelding - Georg Tromp
2025-10-05 15:05:42,889 - services.email_service - INFO - Content: 
            Nieuwe Wachtlijst Aanmelding - CoPrivat
            
            Contactgegevens:
            Naam: Georg Tromp
            Email: georgtromp@gmail.com
            Telefoon: +31651560103
            
            
            Actie vereist: Neem contact op met deze persoon zodra de pilot start.
            
            Aanmelding ontvangen op: 05-10-2025 om 15:05
            
2025-10-05 15:05:42,889 - __main__ - INFO - Wachtlijst email succesvol verzonden voor: georgtromp@gmail.com
2025-10-05 15:07:08,790 - __main__ - INFO - Wachtlijst aanmelding ontvangen van: test@example.com
2025-10-05 15:07:09,515 - services.email_service - INFO - Email succesvol verzonden naar info@coprivat.nl
2025-10-05 15:07:09,515 - __main__ - INFO - Wachtlijst email succesvol verzonden voor: test@example.com
2025-10-05 15:07:39,809 - __main__ - INFO - Wachtlijst aanmelding ontvangen van: georgtromp@gmail.com
2025-10-05 15:07:40,373 - services.email_service - INFO - Email succesvol verzonden naar info@coprivat.nl
2025-10-05 15:07:40,373 - __main__ - INFO - Wachtlijst email succesvol verzonden voor: georgtromp@gmail.com
2025-10-05 15:09:41,531 - __main__ - INFO - Wachtlijst aanmelding ontvangen van: christiaanctromp@gmail.com
2025-10-05 15:09:42,076 - services.email_service - INFO - Email succesvol verzonden naar info@coprivat.nl
2025-10-05 15:09:42,076 - __main__ - INFO - Wachtlijst email succesvol verzonden voor: christiaanctromp@gmail.com
2025-10-05 15:13:24,797 - __main__ - INFO - Wachtlijst aanmelding ontvangen van: test@gmail.com
2025-10-05 15:13:25,346 - services.email_service - INFO - Email succesvol verzonden naar info@coprivat.nl
2025-10-05 15:13:25,346 - __main__ - INFO - Wachtlijst email succesvol verzonden voor: test@gmail.com
2025-10-05 15:14:06,724 - __main__ - INFO - Wachtlijst aanmelding ontvangen van: christiaanctromp@gmail.com
2025-10-05 15:14:07,291 - services.email_service - INFO - Email succesvol verzonden naar info@coprivat.nl
2025-10-05 15:14:07,291 - __main__ - INFO - Wachtlijst email succesvol verzonden voor: christiaanctromp@gmail.com
2025-10-05 15:14:26,171 - __main__ - INFO - Wachtlijst aanmelding ontvangen van: christiaanctromp@gmail.com
2025-10-05 15:14:26,800 - services.email_service - INFO - Email succesvol verzonden naar info@coprivat.nl
2025-10-05 15:14:26,801 - __main__ - INFO - Wachtlijst email succesvol verzonden voor: christiaanctromp@gmail.com
2025-10-05 15:14:47,722 - __main__ - INFO - Wachtlijst aanmelding ontvangen van: christiaanctromp@gmail.com
2025-10-05 15:14:48,269 - services.email_service - INFO - Email succesvol verzonden naar christiaanctromp@gmail.com
2025-10-05 15:14:48,269 - __main__ - INFO - Wachtlijst email succesvol verzonden voor: christiaanctromp@gmail.com
2025-10-05 15:18:05,697 - __main__ - INFO - Wachtlijst aanmelding ontvangen van: test@example.com
2025-10-05 15:18:06,233 - services.email_service - INFO - Email succesvol verzonden naar info@coprivat.nl
2025-10-05 15:18:06,233 - __main__ - INFO - Wachtlijst email succesvol verzonden voor: test@example.com
2025-10-05 15:18:41,906 - __main__ - INFO - Wachtlijst aanmelding ontvangen van: christiaanctromp@gmail.com
2025-10-05 15:18:42,480 - services.email_service - INFO - Email succesvol verzonden naar info@coprivat.nl
2025-10-05 15:18:42,480 - __main__ - INFO - Wachtlijst email succesvol verzonden voor: christiaanctromp@gmail.com
2025-10-05 15:19:06,252 - __main__ - INFO - Wachtlijst aanmelding ontvangen van: georgtromp@gmail.com
2025-10-05 15:19:06,900 - services.email_service - INFO - Email succesvol verzonden naar info@coprivat.nl
2025-10-05 15:19:06,901 - __main__ - INFO - Wachtlijst email succesvol verzonden voor: georgtromp@gmail.com
2025-10-05 15:20:58,574 - __main__ - INFO - Wachtlijst aanmelding ontvangen van: christiaanctromp@gmail.com
2025-10-05 15:20:59,288 - services.email_service - INFO - Email succesvol verzonden naar info@coprivat.nl
2025-10-05 15:20:59,848 - services.email_service - INFO - User email succesvol verzonden naar christiaanctromp@gmail.com
2025-10-05 15:20:59,848 - __main__ - INFO - Wachtlijst emails succesvol verzonden voor: christiaanctromp@gmail.com
2025-10-05 15:21:23,639 - __main__ - INFO - Wachtlijst aanmelding ontvangen van: georgtromp@gmail.com
2025-10-05 15:21:27,716 - services.email_service - INFO - Email succesvol verzonden naar info@coprivat.nl
2025-10-05 15:21:29,643 - services.email_service - INFO - User email succesvol verzonden naar georgtromp@gmail.com
2025-10-05 15:21:29,643 - __main__ - INFO - Wachtlijst emails succesvol verzonden voor: georgtromp@gmail.com
2025-10-05 15:23:37,686 - __main__ - INFO - Contact bericht ontvangen van: georgtromp@gmail.com
2025-10-05 15:23:39,860 - services.email_service - INFO - Email succesvol verzonden naar info@coprivat.nl
2025-10-05 15:23:39,860 - __main__ - INFO - Contact email succesvol verzonden voor: georgtromp@gmail.com
2025-10-05 15:30:58,026 - __main__ - INFO - Contact bericht ontvangen van: christiaanctromp@gmail.com
2025-10-05 15:30:58,551 - services.email_service - INFO - Email succesvol verzonden naar info@coprivat.nl
2025-10-05 15:30:59,267 - services.email_service - INFO - User email succesvol verzonden naar christiaanctromp@gmail.com
2025-10-05 15:30:59,268 - __main__ - INFO - Contact emails succesvol verzonden voor: christiaanctromp@gmail.com
2025-10-05 19:06:03,538 - __main__ - INFO - Wachtlijst aanmelding ontvangen van: test@example.com
2025-10-05 19:06:07,538 - services.email_service - ERROR - Fout bij verzenden email: (535, b'5.7.8 Error: authentication failed: (reason unavailable)')
2025-10-05 19:06:07,538 - services.email_service - INFO - EMAIL FALLBACK - Content logged:
2025-10-05 19:06:07,538 - services.email_service - INFO - To: info@corpivat.nl
2025-10-05 19:06:07,538 - services.email_service - INFO - Subject: CoPrivat Wachtlijst Aanmelding - Test User
2025-10-05 19:06:07,538 - services.email_service - INFO - Content: 
            Nieuwe Wachtlijst Aanmelding - CoPrivat
            
            Contactgegevens:
            Naam: Test User
            Email: test@example.com
            Telefoon: 0612345678
            Praktijk: Test Praktijk
            
            Actie vereist: Neem contact op met deze persoon zodra de pilot start.
            
            Aanmelding ontvangen op: 05-10-2025 om 19:06
            
2025-10-05 19:06:11,533 - services.email_service - ERROR - Fout bij verzenden user email: (535, b'5.7.8 Error: authentication failed: (reason unavailable)')
2025-10-05 19:06:11,534 - services.email_service - INFO - USER EMAIL FALLBACK - Content logged:
2025-10-05 19:06:11,534 - services.email_service - INFO - To: test@example.com
2025-10-05 19:06:11,534 - services.email_service - INFO - Subject: Aanmelding Wachtlijst Bevestigd - CoPrivat
2025-10-05 19:06:11,534 - services.email_service - INFO - Content: 
            CoPrivat - Aanmelding Wachtlijst Bevestigd
            
            Beste Test User,
            
            Hartelijk dank voor uw aanmelding voor de CoPrivat wachtlijst! Uw interesse in onze AI-gedreven software voor de verwerking van digitale post in huisartsenpraktijken wordt zeer gewaardeerd.
            
            Uw aanmelding:
            Naam: Test User
            Email: test@example.com
            Telefoon: 0612345678
            Praktijk: Test Praktijk
            
            Wat gebeurt er nu?
            - U staat op de wachtlijst voor de CoPrivat pilot
            - We nemen contact met u op zodra we starten met de pilot
            - U ontvangt updates over de ontwikkeling van CoPrivat
            
            Heeft u vragen? Neem gerust contact met ons op via info@coprivat.nl
            
            Met vriendelijke groet,
            Het CoPrivat Team
            www.corpivat.nl
            
2025-10-05 19:06:11,534 - __main__ - INFO - Wachtlijst emails succesvol verzonden voor: test@example.com
2025-10-05 19:06:16,438 - __main__ - INFO - Contact bericht ontvangen van: test@example.com
2025-10-05 19:06:20,541 - services.email_service - ERROR - Fout bij verzenden email: (535, b'5.7.8 Error: authentication failed: (reason unavailable)')
2025-10-05 19:06:20,542 - services.email_service - INFO - EMAIL FALLBACK - Content logged:
2025-10-05 19:06:20,542 - services.email_service - INFO - To: info@corpivat.nl
2025-10-05 19:06:20,542 - services.email_service - INFO - Subject: CoPrivat Contact Bericht - Test
2025-10-05 19:06:20,542 - services.email_service - INFO - Content: 
            Nieuw Contact Bericht - CoPrivat
            
            Contactgegevens:
            Naam: Test User
            Email: test@example.com
            Telefoon: 0612345678
            Onderwerp: Test
            
            Bericht:
            Dit is een test bericht
            
            Actie vereist: Beantwoord dit bericht zo snel mogelijk.
            
            Bericht ontvangen op: 05-10-2025 om 19:06
            
2025-10-05 19:06:24,467 - services.email_service - ERROR - Fout bij verzenden user email: (535, b'5.7.8 Error: authentication failed: (reason unavailable)')
2025-10-05 19:06:24,469 - services.email_service - INFO - USER EMAIL FALLBACK - Content logged:
2025-10-05 19:06:24,470 - services.email_service - INFO - To: test@example.com
2025-10-05 19:06:24,470 - services.email_service - INFO - Subject: Bericht Ontvangen - CoPrivat
2025-10-05 19:06:24,470 - services.email_service - INFO - Content: 
            CoPrivat - Bericht Ontvangen
            
            Beste Test User,
            
            Hartelijk dank voor uw bericht! We hebben uw contactverzoek ontvangen en zullen zo snel mogelijk contact met u opnemen.
            
            Uw bericht:
            Onderwerp: Test
            Bericht: Dit is een test bericht
            
            Wat gebeurt er nu?
            - We bekijken uw bericht zorgvuldig
            - Een van onze teamleden neemt binnen 24 uur contact met u op
            - We beantwoorden uw vragen over CoPrivat
            
            Contactgegevens:
            Naam: Test User
            Email: test@example.com
            Telefoon: 0612345678
            
            Heeft u dringende vragen? Neem gerust contact met ons op via info@coprivat.nl of bel ons op +31 6 1234 5678.
            
            Met vriendelijke groet,
            Het CoPrivat Team
            www.corpivat.nl
            
2025-10-05 19:06:24,470 - __main__ - INFO - Contact emails succesvol verzonden voor: test@example.com
2025-10-05 20:15:44,700 - __main__ - INFO - Email processing gestart voor: patient@test.com
2025-10-05 20:15:44,701 - __main__ - INFO - Mock: Email added with ID: email_1
2025-10-05 20:15:44,701 - __main__ - INFO - Email succesvol opgeslagen in Firebase met ID: email_1
2025-10-05 20:15:51,860 - __main__ - INFO - Retrieved 1 emails
2025-10-05 20:16:06,649 - __main__ - INFO - Email email_1 status updated to approved
2025-10-07 17:06:35,560 - __main__ - INFO - Contact bericht ontvangen van: test@example.com
2025-10-07 17:06:39,533 - services.email_service - ERROR - Fout bij verzenden email: (535, b'5.7.8 Error: authentication failed: (reason unavailable)')
2025-10-07 17:06:39,534 - services.email_service - INFO - EMAIL FALLBACK - Content logged:
2025-10-07 17:06:39,534 - services.email_service - INFO - To: info@corpivat.nl
2025-10-07 17:06:39,534 - services.email_service - INFO - Subject: CoPrivat Contact Bericht - Test
2025-10-07 17:06:39,534 - services.email_service - INFO - Content: 
            Nieuw Contact Bericht - CoPrivat
            
            Contactgegevens:
            Naam: Test User
            Email: test@example.com
            
            Onderwerp: Test
            
            Bericht:
            Dit is een test bericht
            
            Actie vereist: Beantwoord dit bericht zo snel mogelijk.
            
            Bericht ontvangen op: 07-10-2025 om 17:06
            
2025-10-07 17:06:43,113 - services.email_service - ERROR - Fout bij verzenden user email: (535, b'5.7.8 Error: authentication failed: (reason unavailable)')
2025-10-07 17:06:43,114 - services.email_service - INFO - USER EMAIL FALLBACK - Content logged:
2025-10-07 17:06:43,114 - services.email_service - INFO - To: test@example.com
2025-10-07 17:06:43,114 - services.email_service - INFO - Subject: Bericht Ontvangen - CoPrivat
2025-10-07 17:06:43,114 - services.email_service - INFO - Content: 
            CoPrivat - Bericht Ontvangen
            
            Beste Test User,
            
            Hartelijk dank voor uw bericht! We hebben uw contactverzoek ontvangen en zullen zo snel mogelijk contact met u opnemen.
            
            Uw bericht:
            Onderwerp: Test
            Bericht: Dit is een test bericht
            
            Wat gebeurt er nu?
            - We bekijken uw bericht zorgvuldig
            - Een van onze teamleden neemt binnen 24 uur contact met u op
            - We beantwoorden uw vragen over CoPrivat
            
            Contactgegevens:
            Naam: Test User
            Email: test@example.com
            
            
            Heeft u dringende vragen? Neem gerust contact met ons op via info@coprivat.nl of bel ons op +31 6 1234 5678.
            
            Met vriendelijke groet,
            Het CoPrivat Team
            www.corpivat.nl
            
2025-10-07 17:06:43,114 - __main__ - INFO - Contact emails succesvol verzonden voor: test@example.com
2025-10-07 17:06:55,271 - __main__ - INFO - Wachtlijst aanmelding ontvangen van: test@example.com
2025-10-07 17:06:59,210 - services.email_service - ERROR - Fout bij verzenden email: (535, b'5.7.8 Error: authentication failed: (reason unavailable)')
2025-10-07 17:06:59,211 - services.email_service - INFO - EMAIL FALLBACK - Content logged:
2025-10-07 17:06:59,211 - services.email_service - INFO - To: info@corpivat.nl
2025-10-07 17:06:59,211 - services.email_service - INFO - Subject: CoPrivat Wachtlijst Aanmelding - Test User
2025-10-07 17:06:59,211 - services.email_service - INFO - Content: 
            Nieuwe Wachtlijst Aanmelding - CoPrivat
            
            Contactgegevens:
            Naam: Test User
            Email: test@example.com
            
            Praktijk: Test Praktijk
            
            Actie vereist: Neem contact op met deze persoon zodra de pilot start.
            
            Aanmelding ontvangen op: 07-10-2025 om 17:06
            
2025-10-07 17:07:03,459 - services.email_service - ERROR - Fout bij verzenden user email: (535, b'5.7.8 Error: authentication failed: (reason unavailable)')
2025-10-07 17:07:03,460 - services.email_service - INFO - USER EMAIL FALLBACK - Content logged:
2025-10-07 17:07:03,460 - services.email_service - INFO - To: test@example.com
2025-10-07 17:07:03,460 - services.email_service - INFO - Subject: Aanmelding Wachtlijst Bevestigd - CoPrivat
2025-10-07 17:07:03,460 - services.email_service - INFO - Content: 
            CoPrivat - Aanmelding Wachtlijst Bevestigd
            
            Beste Test User,
            
            Hartelijk dank voor uw aanmelding voor de CoPrivat wachtlijst! Uw interesse in onze AI-gedreven software voor de verwerking van digitale post in huisartsenpraktijken wordt zeer gewaardeerd.
            
            Uw aanmelding:
            Naam: Test User
            Email: test@example.com
            
            Praktijk: Test Praktijk
            
            Wat gebeurt er nu?
            - U staat op de wachtlijst voor de CoPrivat pilot
            - We nemen contact met u op zodra we starten met de pilot
            - U ontvangt updates over de ontwikkeling van CoPrivat
            
            Heeft u vragen? Neem gerust contact met ons op via info@coprivat.nl
            
            Met vriendelijke groet,
            Het CoPrivat Team
            www.corpivat.nl
            
2025-10-07 17:07:03,460 - __main__ - INFO - Wachtlijst emails succesvol verzonden voor: test@example.com
2025-10-07 17:13:56,933 - __main__ - INFO - Contact bericht ontvangen van: test@example.com
2025-10-07 17:14:01,457 - services.email_service - ERROR - Fout bij verzenden email: (535, b'5.7.8 Error: authentication failed: (reason unavailable)')
2025-10-07 17:14:01,457 - services.email_service - INFO - EMAIL FALLBACK - Content logged:
2025-10-07 17:14:01,457 - services.email_service - INFO - To: info@corpivat.nl
2025-10-07 17:14:01,458 - services.email_service - INFO - Subject: CoPrivat Contact Bericht - Test
2025-10-07 17:14:01,458 - services.email_service - INFO - Content: 
            Nieuw Contact Bericht - CoPrivat
            
            Contactgegevens:
            Naam: Test User
            Email: test@example.com
            
            Onderwerp: Test
            
            Bericht:
            Dit is een test bericht
            
            Actie vereist: Beantwoord dit bericht zo snel mogelijk.
            
            Bericht ontvangen op: 07-10-2025 om 17:13
            
2025-10-07 17:14:05,499 - services.email_service - ERROR - Fout bij verzenden user email: (535, b'5.7.8 Error: authentication failed: (reason unavailable)')
2025-10-07 17:14:05,499 - services.email_service - INFO - USER EMAIL FALLBACK - Content logged:
2025-10-07 17:14:05,499 - services.email_service - INFO - To: test@example.com
2025-10-07 17:14:05,499 - services.email_service - INFO - Subject: Bericht Ontvangen - CoPrivat
2025-10-07 17:14:05,499 - services.email_service - INFO - Content: 
            CoPrivat - Bericht Ontvangen
            
            Beste Test User,
            
            Hartelijk dank voor uw bericht! We hebben uw contactverzoek ontvangen en zullen zo snel mogelijk contact met u opnemen.
            
            Uw bericht:
            Onderwerp: Test
            Bericht: Dit is een test bericht
            
            Wat gebeurt er nu?
            - We bekijken uw bericht zorgvuldig
            - Een van onze teamleden neemt binnen 24 uur contact met u op
            - We beantwoorden uw vragen over CoPrivat
            
            Contactgegevens:
            Naam: Test User
            Email: test@example.com
            
            
            Heeft u dringende vragen? Neem gerust contact met ons op via info@coprivat.nl of bel ons op +31 6 1234 5678.
            
            Met vriendelijke groet,
            Het CoPrivat Team
            www.corpivat.nl
            
2025-10-07 17:14:05,499 - __main__ - INFO - Contact emails succesvol verzonden voor: test@example.com
